<?xml version="1.0" encoding="UTF-8"?>
<!-- Generated by org.testng.reporters.JUnitReportReporter -->
<testsuite hostname="VJH" failures="0" tests="5" name="basicTTLogin_Logout.Demo_weklyTS_AutosaveOn" time="140.244" errors="1" timestamp="2023-03-10T15:30:44 IST" skipped="0">
  <testcase classname="basicTTLogin_Logout.Demo_weklyTS_AutosaveOn" name="WeeklyTimeSheetsPage" time="31.673"/>
  <system-out/>
  <testcase classname="basicTTLogin_Logout.Demo_weklyTS_AutosaveOn" name="WeeklyTimeSheetsPage" time="33.385"/>
  <system-out/>
  <testcase classname="basicTTLogin_Logout.Demo_weklyTS_AutosaveOn" name="WeeklyTimeSheetsPage" time="6.944">
    <error message="element click intercepted: Element &lt;div class=&quot;client COL01&quot; style=&quot;width: 278px;&quot;&gt;...&lt;/div&gt; is not clickable at point (431, 597). Other element would receive the click: &lt;div id=&quot;squatchModal&quot; class=&quot;reveal-modal&quot;&gt;...&lt;/div&gt;
  (Session info: chrome=110.0.5481.178)
Build info: version: &#039;4.6.0&#039;, revision: &#039;79f1c02ae20&#039;
System info: os.name: &#039;Windows 10&#039;, os.arch: &#039;amd64&#039;, os.version: &#039;10.0&#039;, java.version: &#039;18.0.1.1&#039;
Driver info: org.openqa.selenium.chrome.ChromeDriver
Command: [c99ec9234eb0aea6d04a2e99cf3c9252, clickElement {id=b07aaed8-6015-4e42-8086-06eb2c1d0964}]
Capabilities {acceptInsecureCerts: false, browserName: chrome, browserVersion: 110.0.5481.178, chrome: {chromedriverVersion: 110.0.5481.77 (65ed616c6e8e..., userDataDir: C:\Users\IDEAPA~1\AppData\L...}, goog:chromeOptions: {debuggerAddress: localhost:58842}, networkConnectionEnabled: false, pageLoadStrategy: normal, platformName: WINDOWS, proxy: Proxy(), se:cdp: ws://localhost:58842/devtoo..., se:cdpVersion: 110.0.5481.178, setWindowRect: true, strictFileInteractability: false, timeouts: {implicit: 0, pageLoad: 300000, script: 30000}, unhandledPromptBehavior: dismiss and notify, webauthn:extension:credBlob: true, webauthn:extension:largeBlob: true, webauthn:virtualAuthenticators: true}
Element: [[ChromeDriver: chrome on WINDOWS (c99ec9234eb0aea6d04a2e99cf3c9252)] -&gt; xpath: //*[@class=&#039;row-container&#039;]/child::*[@class=&#039;w-row&#039;]/div[1][not(@title)]]
Session ID: c99ec9234eb0aea6d04a2e99cf3c9252" type="org.openqa.selenium.ElementClickInterceptedException">
      <![CDATA[org.openqa.selenium.ElementClickInterceptedException: element click intercepted: Element <div class="client COL01" style="width: 278px;">...</div> is not clickable at point (431, 597). Other element would receive the click: <div id="squatchModal" class="reveal-modal">...</div>
  (Session info: chrome=110.0.5481.178)
Build info: version: '4.6.0', revision: '79f1c02ae20'
System info: os.name: 'Windows 10', os.arch: 'amd64', os.version: '10.0', java.version: '18.0.1.1'
Driver info: org.openqa.selenium.chrome.ChromeDriver
Command: [c99ec9234eb0aea6d04a2e99cf3c9252, clickElement {id=b07aaed8-6015-4e42-8086-06eb2c1d0964}]
Capabilities {acceptInsecureCerts: false, browserName: chrome, browserVersion: 110.0.5481.178, chrome: {chromedriverVersion: 110.0.5481.77 (65ed616c6e8e..., userDataDir: C:\Users\IDEAPA~1\AppData\L...}, goog:chromeOptions: {debuggerAddress: localhost:58842}, networkConnectionEnabled: false, pageLoadStrategy: normal, platformName: WINDOWS, proxy: Proxy(), se:cdp: ws://localhost:58842/devtoo..., se:cdpVersion: 110.0.5481.178, setWindowRect: true, strictFileInteractability: false, timeouts: {implicit: 0, pageLoad: 300000, script: 30000}, unhandledPromptBehavior: dismiss and notify, webauthn:extension:credBlob: true, webauthn:extension:largeBlob: true, webauthn:virtualAuthenticators: true}
Element: [[ChromeDriver: chrome on WINDOWS (c99ec9234eb0aea6d04a2e99cf3c9252)] -> xpath: //*[@class='row-container']/child::*[@class='w-row']/div[1][not(@title)]]
Session ID: c99ec9234eb0aea6d04a2e99cf3c9252
at java.base/jdk.internal.reflect.DirectConstructorHandleAccessor.newInstance(DirectConstructorHandleAccessor.java:67)
at java.base/java.lang.reflect.Constructor.newInstanceWithCaller(Constructor.java:499)
at java.base/java.lang.reflect.Constructor.newInstance(Constructor.java:483)
at org.openqa.selenium.remote.codec.w3c.W3CHttpResponseCodec.createException(W3CHttpResponseCodec.java:200)
at org.openqa.selenium.remote.codec.w3c.W3CHttpResponseCodec.decode(W3CHttpResponseCodec.java:133)
at org.openqa.selenium.remote.codec.w3c.W3CHttpResponseCodec.decode(W3CHttpResponseCodec.java:53)
at org.openqa.selenium.remote.HttpCommandExecutor.execute(HttpCommandExecutor.java:184)
at org.openqa.selenium.remote.service.DriverCommandExecutor.invokeExecute(DriverCommandExecutor.java:167)
at org.openqa.selenium.remote.service.DriverCommandExecutor.execute(DriverCommandExecutor.java:142)
at org.openqa.selenium.remote.RemoteWebDriver.execute(RemoteWebDriver.java:541)
at org.openqa.selenium.remote.RemoteWebElement.execute(RemoteWebElement.java:257)
at org.openqa.selenium.remote.RemoteWebElement.click(RemoteWebElement.java:78)
at basicTTLogin_Logout.Demo_weklyTS_AutosaveOn.WeeklyTimeSheetsPage(Demo_weklyTS_AutosaveOn.java:91)
at java.base/jdk.internal.reflect.DirectMethodHandleAccessor.invoke(DirectMethodHandleAccessor.java:104)
at java.base/java.lang.reflect.Method.invoke(Method.java:577)
at org.testng.internal.MethodInvocationHelper.invokeMethod(MethodInvocationHelper.java:133)
at org.testng.internal.TestInvoker.invokeMethod(TestInvoker.java:598)
at org.testng.internal.TestInvoker.invokeTestMethod(TestInvoker.java:173)
at org.testng.internal.MethodRunner.runInSequence(MethodRunner.java:46)
at org.testng.internal.TestInvoker$MethodInvocationAgent.invoke(TestInvoker.java:824)
at org.testng.internal.TestInvoker.invokeTestMethods(TestInvoker.java:146)
at org.testng.internal.TestMethodWorker.invokeTestMethods(TestMethodWorker.java:146)
at org.testng.internal.TestMethodWorker.run(TestMethodWorker.java:128)
at java.base/java.util.ArrayList.forEach(ArrayList.java:1511)
at org.testng.TestRunner.privateRun(TestRunner.java:794)
at org.testng.TestRunner.run(TestRunner.java:596)
at org.testng.SuiteRunner.runTest(SuiteRunner.java:377)
at org.testng.SuiteRunner.runSequentially(SuiteRunner.java:371)
at org.testng.SuiteRunner.privateRun(SuiteRunner.java:332)
at org.testng.SuiteRunner.run(SuiteRunner.java:276)
at org.testng.SuiteRunnerWorker.runSuite(SuiteRunnerWorker.java:53)
at org.testng.SuiteRunnerWorker.run(SuiteRunnerWorker.java:96)
at org.testng.TestNG.runSuitesSequentially(TestNG.java:1212)
at org.testng.TestNG.runSuitesLocally(TestNG.java:1134)
at org.testng.TestNG.runSuites(TestNG.java:1063)
at org.testng.TestNG.run(TestNG.java:1031)
at org.testng.remote.AbstractRemoteTestNG.run(AbstractRemoteTestNG.java:115)
at org.testng.remote.RemoteTestNG.initAndRun(RemoteTestNG.java:251)
at org.testng.remote.RemoteTestNG.main(RemoteTestNG.java:77)
]]>
    </error>
  </testcase> <!-- WeeklyTimeSheetsPage -->
  <system-out/>
  <testcase classname="basicTTLogin_Logout.Demo_weklyTS_AutosaveOn" name="WeeklyTimeSheetsPage" time="35.529"/>
  <system-out/>
  <testcase classname="basicTTLogin_Logout.Demo_weklyTS_AutosaveOn" name="WeeklyTimeSheetsPage" time="32.713"/>
  <system-out/>
</testsuite> <!-- basicTTLogin_Logout.Demo_weklyTS_AutosaveOn -->
