<?xml version="1.0" encoding="UTF-8"?>
<!-- Generated by org.testng.reporters.JUnitReportReporter -->
<testsuite hostname="VJH" failures="0" tests="7" name="z_successfulFunctions.TTB_AddClientPerson" time="4.049" errors="1" timestamp="2023-03-20T18:01:23 IST" skipped="6">
  <testcase classname="z_successfulFunctions.TTB_AddClientPerson" name="AddCustomerPerson" time="0.000">
    <skipped/>
  </testcase> <!-- AddCustomerPerson -->
  <system-out/>
  <testcase classname="z_successfulFunctions.TTB_AddClientPerson" name="AddCustomerPerson" time="0.000">
    <skipped/>
  </testcase> <!-- AddCustomerPerson -->
  <system-out/>
  <testcase classname="z_successfulFunctions.TTB_AddClientPerson" name="AddCustomerPerson" time="0.000">
    <skipped/>
  </testcase> <!-- AddCustomerPerson -->
  <system-out/>
  <testcase classname="z_successfulFunctions.TTB_AddClientPerson" name="login" time="4.049">
    <error message="Unable to establish websocket connection to http://localhost:63364/devtools/browser/288b1500-e155-4e3d-8389-0f7eda10056e
Build info: version: &#039;4.6.0&#039;, revision: &#039;79f1c02ae20&#039;
System info: os.name: &#039;Windows 10&#039;, os.arch: &#039;amd64&#039;, os.version: &#039;10.0&#039;, java.version: &#039;18.0.1.1&#039;
Driver info: driver.version: ChromeDriver" type="org.openqa.selenium.remote.http.ConnectionFailedException">
      <![CDATA[org.openqa.selenium.remote.http.ConnectionFailedException: Unable to establish websocket connection to http://localhost:63364/devtools/browser/288b1500-e155-4e3d-8389-0f7eda10056e
Build info: version: '4.6.0', revision: '79f1c02ae20'
System info: os.name: 'Windows 10', os.arch: 'amd64', os.version: '10.0', java.version: '18.0.1.1'
Driver info: driver.version: ChromeDriver
at org.openqa.selenium.remote.http.netty.NettyWebSocket.<init>(NettyWebSocket.java:102)
at org.openqa.selenium.remote.http.netty.NettyWebSocket.lambda$create$3(NettyWebSocket.java:128)
at org.openqa.selenium.remote.http.netty.NettyClient.openSocket(NettyClient.java:107)
at org.openqa.selenium.devtools.Connection.<init>(Connection.java:77)
at org.openqa.selenium.chromium.ChromiumDriver.lambda$new$2(ChromiumDriver.java:116)
at java.base/java.util.Optional.map(Optional.java:260)
at org.openqa.selenium.chromium.ChromiumDriver.<init>(ChromiumDriver.java:114)
at org.openqa.selenium.chrome.ChromeDriver.<init>(ChromeDriver.java:81)
at org.openqa.selenium.chrome.ChromeDriver.<init>(ChromeDriver.java:49)
at z_successfulFunctions.TTB_AddClientPerson.login(TTB_AddClientPerson.java:54)
at java.base/jdk.internal.reflect.DirectMethodHandleAccessor.invoke(DirectMethodHandleAccessor.java:104)
at java.base/java.lang.reflect.Method.invoke(Method.java:577)
at org.testng.internal.MethodInvocationHelper.invokeMethod(MethodInvocationHelper.java:133)
at org.testng.internal.MethodInvocationHelper.invokeMethodConsideringTimeout(MethodInvocationHelper.java:62)
at org.testng.internal.ConfigInvoker.invokeConfigurationMethod(ConfigInvoker.java:385)
at org.testng.internal.ConfigInvoker.invokeConfigurations(ConfigInvoker.java:321)
at org.testng.TestRunner.invokeTestConfigurations(TestRunner.java:637)
at org.testng.TestRunner.beforeRun(TestRunner.java:627)
at org.testng.TestRunner.run(TestRunner.java:589)
at org.testng.SuiteRunner.runTest(SuiteRunner.java:377)
at org.testng.SuiteRunner.runSequentially(SuiteRunner.java:371)
at org.testng.SuiteRunner.privateRun(SuiteRunner.java:332)
at org.testng.SuiteRunner.run(SuiteRunner.java:276)
at org.testng.SuiteRunnerWorker.runSuite(SuiteRunnerWorker.java:53)
at org.testng.SuiteRunnerWorker.run(SuiteRunnerWorker.java:96)
at org.testng.TestNG.runSuitesSequentially(TestNG.java:1212)
at org.testng.TestNG.runSuitesLocally(TestNG.java:1134)
at org.testng.TestNG.runSuites(TestNG.java:1063)
at org.testng.TestNG.run(TestNG.java:1031)
at org.testng.remote.AbstractRemoteTestNG.run(AbstractRemoteTestNG.java:115)
at org.testng.remote.RemoteTestNG.initAndRun(RemoteTestNG.java:251)
at org.testng.remote.RemoteTestNG.main(RemoteTestNG.java:77)
]]>
    </error>
  </testcase> <!-- login -->
  <system-out/>
  <testcase classname="z_successfulFunctions.TTB_AddClientPerson" name="AddCustomerPerson" time="0.000">
    <skipped/>
  </testcase> <!-- AddCustomerPerson -->
  <system-out/>
  <testcase classname="z_successfulFunctions.TTB_AddClientPerson" name="AddCustomerPerson" time="0.000">
    <skipped/>
  </testcase> <!-- AddCustomerPerson -->
  <system-out/>
  <testcase classname="z_successfulFunctions.TTB_AddClientPerson" name="AddCustomerPerson" time="0.000">
    <skipped/>
  </testcase> <!-- AddCustomerPerson -->
  <system-out/>
</testsuite> <!-- z_successfulFunctions.TTB_AddClientPerson -->
