<html>
<head>
<title>TestNG:  Test Cases For ENTRIES</title>
<link href="../testng.css" rel="stylesheet" type="text/css" />
<link href="../my-testng.css" rel="stylesheet" type="text/css" />

<style type="text/css">
.log { display: none;} 
.stack-trace { display: none;} 
</style>
<script type="text/javascript">
<!--
function flip(e) {
  current = e.style.display;
  if (current == 'block') {
    e.style.display = 'none';
    return 0;
  }
  else {
    e.style.display = 'block';
    return 1;
  }
}

function toggleBox(szDivId, elem, msg1, msg2)
{
  var res = -1;  if (document.getElementById) {
    res = flip(document.getElementById(szDivId));
  }
  else if (document.all) {
    // this is the way old msie versions work
    res = flip(document.all[szDivId]);
  }
  if(elem) {
    if(res == 0) elem.innerHTML = msg1; else elem.innerHTML = msg2;
  }

}

function toggleAllBoxes() {
  if (document.getElementsByTagName) {
    d = document.getElementsByTagName('div');
    for (i = 0; i < d.length; i++) {
      if (d[i].className == 'log') {
        flip(d[i]);
      }
    }
  }
}

// -->
</script>

</head>
<body>
<h2 align='center'>Test Cases For ENTRIES</h2><table border='1' align="center">
<tr>
<td>Tests passed/Failed/Skipped:</td><td>24/1/0</td>
</tr><tr>
<td>Started on:</td><td>Thu Nov 24 12:23:23 IST 2022</td>
</tr>
<tr><td>Total time:</td><td>81 seconds (81301 ms)</td>
</tr><tr>
<td>Included groups:</td><td></td>
</tr><tr>
<td>Excluded groups:</td><td>More </td>
</tr>
</table><p/>
<small><i>(Hover the method name to see the test class name)</i></small><p/>
<table width='100%' border='1' class='invocation-failed'>
<tr><td colspan='4' align='center'><b>FAILED TESTS</b></td></tr>
<tr><td><b>Test method</b></td>
<td width="30%"><b>Exception</b></td>
<td width="10%"><b>Time (seconds)</b></td>
<td><b>Instance</b></td>
</tr>
<tr>
<td title='ttb_AllPage.AallPagesLoading.Clientportal()'><b>Clientportal</b><br>Test class: ttb_AllPage.AallPagesLoading</td>
<td><div><pre>org.openqa.selenium.TimeoutException: Expected condition failed: waiting for visibility of element located by By.xpath: //*[@id=&apos;ctl00_ContentPlaceHolder1_SaveButton&apos;] (tried for 10 second(s) with 500 milliseconds interval)
Build info: version: &apos;4.6.0&apos;, revision: &apos;79f1c02ae20&apos;
System info: os.name: &apos;Windows 10&apos;, os.arch: &apos;amd64&apos;, os.version: &apos;10.0&apos;, java.version: &apos;18.0.1.1&apos;
Driver info: org.openqa.selenium.chrome.ChromeDriver
Capabilities {acceptInsecureCerts: false, browserName: chrome, browserVersion: 107.0.5304.107, chrome: {chromedriverVersion: 107.0.5304.62 (1eec40d3a576..., userDataDir: C:\Users\IDEAPA~1\AppData\L...}, goog:chromeOptions: {debuggerAddress: localhost:60407}, networkConnectionEnabled: false, pageLoadStrategy: normal, platformName: WINDOWS, proxy: Proxy(), se:cdp: ws://localhost:60407/devtoo..., se:cdpVersion: 107.0.5304.107, setWindowRect: true, strictFileInteractability: false, timeouts: {implicit: 0, pageLoad: 300000, script: 30000}, unhandledPromptBehavior: dismiss and notify, webauthn:extension:credBlob: true, webauthn:extension:largeBlob: true, webauthn:virtualAuthenticators: true}
Session ID: 96bc533a09eacce64aa873073ba24769
	at org.openqa.selenium.support.ui.WebDriverWait.timeoutException(WebDriverWait.java:87)
	at org.openqa.selenium.support.ui.FluentWait.until(FluentWait.java:231)
	at ttb_AllPage.AallPagesLoading.Clientportal(AallPagesLoading.java:302)
	at java.base/jdk.internal.reflect.DirectMethodHandleAccessor.invoke(DirectMethodHandleAccessor.java:104)
	at java.base/java.lang.reflect.Method.invoke(Method.java:577)
	at org.testng.internal.MethodInvocationHelper.invokeMethod(MethodInvocationHelper.java:133)
	at org.testng.internal.TestInvoker.invokeMethod(TestInvoker.java:598)
	at org.testng.internal.TestInvoker.invokeTestMethod(TestInvoker.java:173)
	at org.testng.internal.MethodRunner.runInSequence(MethodRunner.java:46)
	at org.testng.internal.TestInvoker$MethodInvocationAgent.invoke(TestInvoker.java:824)
	at org.testng.internal.TestInvoker.invokeTestMethods(TestInvoker.java:146)
	at org.testng.internal.TestMethodWorker.invokeTestMethods(TestMethodWorker.java:146)
	at org.testng.internal.TestMethodWorker.run(TestMethodWorker.java:128)
	at java.base/java.util.ArrayList.forEach(ArrayList.java:1511)
	at org.testng.TestRunner.privateRun(TestRunner.java:794)
	at org.testng.TestRunner.run(TestRunner.java:596)
	at org.testng.SuiteRunner.runTest(SuiteRunner.java:377)
	at org.testng.SuiteRunner.runSequentially(SuiteRunner.java:371)
	at org.testng.SuiteRunner.privateRun(SuiteRunner.java:332)
	at org.testng.SuiteRunner.run(SuiteRunner.java:276)
	at org.testng.SuiteRunnerWorker.runSuite(SuiteRunnerWorker.java:53)
	at org.testng.SuiteRunnerWorker.run(SuiteRunnerWorker.java:96)
	at org.testng.TestNG.runSuitesSequentially(TestNG.java:1212)
	at org.testng.TestNG.runSuitesLocally(TestNG.java:1134)
	at org.testng.TestNG.runSuites(TestNG.java:1063)
	at org.testng.TestNG.run(TestNG.java:1031)
	at org.testng.remote.AbstractRemoteTestNG.run(AbstractRemoteTestNG.java:115)
	at org.testng.remote.RemoteTestNG.initAndRun(RemoteTestNG.java:251)
	at org.testng.remote.RemoteTestNG.main(RemoteTestNG.java:77)
</pre></div><a href='#' onClick='toggleBox("stack-trace284268103", this, "Click to show all stack frames", "Click to hide stack frames")'>Click to show all stack frames</a>
<div class='stack-trace' id='stack-trace284268103'><pre>org.openqa.selenium.TimeoutException: Expected condition failed: waiting for visibility of element located by By.xpath: //*[@id=&apos;ctl00_ContentPlaceHolder1_SaveButton&apos;] (tried for 10 second(s) with 500 milliseconds interval)
Build info: version: &apos;4.6.0&apos;, revision: &apos;79f1c02ae20&apos;
System info: os.name: &apos;Windows 10&apos;, os.arch: &apos;amd64&apos;, os.version: &apos;10.0&apos;, java.version: &apos;18.0.1.1&apos;
Driver info: org.openqa.selenium.chrome.ChromeDriver
Capabilities {acceptInsecureCerts: false, browserName: chrome, browserVersion: 107.0.5304.107, chrome: {chromedriverVersion: 107.0.5304.62 (1eec40d3a576..., userDataDir: C:\Users\IDEAPA~1\AppData\L...}, goog:chromeOptions: {debuggerAddress: localhost:60407}, networkConnectionEnabled: false, pageLoadStrategy: normal, platformName: WINDOWS, proxy: Proxy(), se:cdp: ws://localhost:60407/devtoo..., se:cdpVersion: 107.0.5304.107, setWindowRect: true, strictFileInteractability: false, timeouts: {implicit: 0, pageLoad: 300000, script: 30000}, unhandledPromptBehavior: dismiss and notify, webauthn:extension:credBlob: true, webauthn:extension:largeBlob: true, webauthn:virtualAuthenticators: true}
Session ID: 96bc533a09eacce64aa873073ba24769
	at org.openqa.selenium.support.ui.WebDriverWait.timeoutException(WebDriverWait.java:87)
	at org.openqa.selenium.support.ui.FluentWait.until(FluentWait.java:231)
	at ttb_AllPage.AallPagesLoading.Clientportal(AallPagesLoading.java:302)
	at java.base/jdk.internal.reflect.DirectMethodHandleAccessor.invoke(DirectMethodHandleAccessor.java:104)
	at java.base/java.lang.reflect.Method.invoke(Method.java:577)
	at org.testng.internal.MethodInvocationHelper.invokeMethod(MethodInvocationHelper.java:133)
	at org.testng.internal.TestInvoker.invokeMethod(TestInvoker.java:598)
	at org.testng.internal.TestInvoker.invokeTestMethod(TestInvoker.java:173)
	at org.testng.internal.MethodRunner.runInSequence(MethodRunner.java:46)
	at org.testng.internal.TestInvoker$MethodInvocationAgent.invoke(TestInvoker.java:824)
	at org.testng.internal.TestInvoker.invokeTestMethods(TestInvoker.java:146)
	at org.testng.internal.TestMethodWorker.invokeTestMethods(TestMethodWorker.java:146)
	at org.testng.internal.TestMethodWorker.run(TestMethodWorker.java:128)
	at java.base/java.util.ArrayList.forEach(ArrayList.java:1511)
	at org.testng.TestRunner.privateRun(TestRunner.java:794)
	at org.testng.TestRunner.run(TestRunner.java:596)
	at org.testng.SuiteRunner.runTest(SuiteRunner.java:377)
	at org.testng.SuiteRunner.runSequentially(SuiteRunner.java:371)
	at org.testng.SuiteRunner.privateRun(SuiteRunner.java:332)
	at org.testng.SuiteRunner.run(SuiteRunner.java:276)
	at org.testng.SuiteRunnerWorker.runSuite(SuiteRunnerWorker.java:53)
	at org.testng.SuiteRunnerWorker.run(SuiteRunnerWorker.java:96)
	at org.testng.TestNG.runSuitesSequentially(TestNG.java:1212)
	at org.testng.TestNG.runSuitesLocally(TestNG.java:1134)
	at org.testng.TestNG.runSuites(TestNG.java:1063)
	at org.testng.TestNG.run(TestNG.java:1031)
	at org.testng.remote.AbstractRemoteTestNG.run(AbstractRemoteTestNG.java:115)
	at org.testng.remote.RemoteTestNG.initAndRun(RemoteTestNG.java:251)
	at org.testng.remote.RemoteTestNG.main(RemoteTestNG.java:77)
</pre></div></td>
<td>12</td>
<td>ttb_AllPage.AallPagesLoading@3bb9a3ff</td></tr>
</table><p>
<table width='100%' border='1' class='invocation-passed'>
<tr><td colspan='4' align='center'><b>PASSED TESTS</b></td></tr>
<tr><td><b>Test method</b></td>
<td width="30%"><b>Exception</b></td>
<td width="10%"><b>Time (seconds)</b></td>
<td><b>Instance</b></td>
</tr>
<tr>
<td title='ttb_AllPage.AallPagesLoading.RecurringExpenses()'><b>RecurringExpenses</b><br>Test class: ttb_AllPage.AallPagesLoading</td>
<td></td>
<td>3</td>
<td>ttb_AllPage.AallPagesLoading@3bb9a3ff</td></tr>
<tr>
<td title='ttb_AllPage.AallPagesLoading.ScreenAnnouncmentsQuestions()'><b>ScreenAnnouncmentsQuestions</b><br>Test class: ttb_AllPage.AallPagesLoading</td>
<td></td>
<td>3</td>
<td>ttb_AllPage.AallPagesLoading@3bb9a3ff</td></tr>
<tr>
<td title='ttb_AllPage.AallPagesLoading.Contacts()'><b>Contacts</b><br>Test class: ttb_AllPage.AallPagesLoading</td>
<td></td>
<td>8</td>
<td>ttb_AllPage.AallPagesLoading@3bb9a3ff</td></tr>
<tr>
<td title='ttb_AllPage.AallPagesLoading.Schedule()'><b>Schedule</b><br>Test class: ttb_AllPage.AallPagesLoading</td>
<td></td>
<td>3</td>
<td>ttb_AllPage.AallPagesLoading@3bb9a3ff</td></tr>
<tr>
<td title='ttb_AllPage.AallPagesLoading.UserAcheivements()'><b>UserAcheivements</b><br>Test class: ttb_AllPage.AallPagesLoading</td>
<td></td>
<td>1</td>
<td>ttb_AllPage.AallPagesLoading@3bb9a3ff</td></tr>
<tr>
<td title='ttb_AllPage.AallPagesLoading.Reports()'><b>Reports</b><br>Test class: ttb_AllPage.AallPagesLoading</td>
<td></td>
<td>3</td>
<td>ttb_AllPage.AallPagesLoading@3bb9a3ff</td></tr>
<tr>
<td title='ttb_AllPage.AallPagesLoading.Approvals()'><b>Approvals</b><br>Test class: ttb_AllPage.AallPagesLoading</td>
<td></td>
<td>2</td>
<td>ttb_AllPage.AallPagesLoading@3bb9a3ff</td></tr>
<tr>
<td title='ttb_AllPage.AallPagesLoading.TimeOff()'><b>TimeOff</b><br>Test class: ttb_AllPage.AallPagesLoading</td>
<td></td>
<td>3</td>
<td>ttb_AllPage.AallPagesLoading@3bb9a3ff</td></tr>
<tr>
<td title='ttb_AllPage.AallPagesLoading.ManageUses()'><b>ManageUses</b><br>Test class: ttb_AllPage.AallPagesLoading</td>
<td></td>
<td>3</td>
<td>ttb_AllPage.AallPagesLoading@3bb9a3ff</td></tr>
<tr>
<td title='ttb_AllPage.AallPagesLoading.FlatFiles()'><b>FlatFiles</b><br>Test class: ttb_AllPage.AallPagesLoading</td>
<td></td>
<td>3</td>
<td>ttb_AllPage.AallPagesLoading@3bb9a3ff</td></tr>
<tr>
<td title='ttb_AllPage.AallPagesLoading.History()'><b>History</b><br>Test class: ttb_AllPage.AallPagesLoading</td>
<td></td>
<td>1</td>
<td>ttb_AllPage.AallPagesLoading@3bb9a3ff</td></tr>
<tr>
<td title='ttb_AllPage.AallPagesLoading.Adjustments()'><b>Adjustments</b><br>Test class: ttb_AllPage.AallPagesLoading</td>
<td></td>
<td>1</td>
<td>ttb_AllPage.AallPagesLoading@3bb9a3ff</td></tr>
<tr>
<td title='ttb_AllPage.AallPagesLoading.ClientPayments()'><b>ClientPayments</b><br>Test class: ttb_AllPage.AallPagesLoading</td>
<td></td>
<td>1</td>
<td>ttb_AllPage.AallPagesLoading@3bb9a3ff</td></tr>
<tr>
<td title='ttb_AllPage.AallPagesLoading.Invoices()'><b>Invoices</b><br>Test class: ttb_AllPage.AallPagesLoading</td>
<td></td>
<td>1</td>
<td>ttb_AllPage.AallPagesLoading@3bb9a3ff</td></tr>
<tr>
<td title='ttb_AllPage.AallPagesLoading.LockTimePeriod()'><b>LockTimePeriod</b><br>Test class: ttb_AllPage.AallPagesLoading</td>
<td></td>
<td>2</td>
<td>ttb_AllPage.AallPagesLoading@3bb9a3ff</td></tr>
<tr>
<td title='ttb_AllPage.AallPagesLoading.Statements()'><b>Statements</b><br>Test class: ttb_AllPage.AallPagesLoading</td>
<td></td>
<td>1</td>
<td>ttb_AllPage.AallPagesLoading@3bb9a3ff</td></tr>
<tr>
<td title='ttb_AllPage.AallPagesLoading.Projects()'><b>Projects</b><br>Test class: ttb_AllPage.AallPagesLoading</td>
<td></td>
<td>4</td>
<td>ttb_AllPage.AallPagesLoading@3bb9a3ff</td></tr>
<tr>
<td title='ttb_AllPage.AallPagesLoading.WeeklyTimeSheets()'><b>WeeklyTimeSheets</b><br>Test class: ttb_AllPage.AallPagesLoading</td>
<td></td>
<td>3</td>
<td>ttb_AllPage.AallPagesLoading@3bb9a3ff</td></tr>
<tr>
<td title='ttb_AllPage.AallPagesLoading.OnTheClock()'><b>OnTheClock</b><br>Test class: ttb_AllPage.AallPagesLoading</td>
<td></td>
<td>3</td>
<td>ttb_AllPage.AallPagesLoading@3bb9a3ff</td></tr>
<tr>
<td title='ttb_AllPage.AallPagesLoading.Clients()'><b>Clients</b><br>Test class: ttb_AllPage.AallPagesLoading</td>
<td></td>
<td>2</td>
<td>ttb_AllPage.AallPagesLoading@3bb9a3ff</td></tr>
<tr>
<td title='ttb_AllPage.AallPagesLoading.ManageTeamEntries()'><b>ManageTeamEntries</b><br>Test class: ttb_AllPage.AallPagesLoading</td>
<td></td>
<td>2</td>
<td>ttb_AllPage.AallPagesLoading@3bb9a3ff</td></tr>
<tr>
<td title='ttb_AllPage.AallPagesLoading.MangeMyEntries()'><b>MangeMyEntries</b><br>Test class: ttb_AllPage.AallPagesLoading</td>
<td></td>
<td>1</td>
<td>ttb_AllPage.AallPagesLoading@3bb9a3ff</td></tr>
<tr>
<td title='ttb_AllPage.AallPagesLoading.Settings()'><b>Settings</b><br>Test class: ttb_AllPage.AallPagesLoading</td>
<td></td>
<td>1</td>
<td>ttb_AllPage.AallPagesLoading@3bb9a3ff</td></tr>
<tr>
<td title='ttb_AllPage.AallPagesLoading.Notes()'><b>Notes</b><br>Test class: ttb_AllPage.AallPagesLoading</td>
<td></td>
<td>3</td>
<td>ttb_AllPage.AallPagesLoading@3bb9a3ff</td></tr>
</table><p>
</body>
</html>