<?xml version="1.0" encoding="UTF-8"?>
<!-- Generated by org.testng.reporters.JUnitXMLReporter -->
<testsuite ignored="3" hostname="VJH" failures="1" tests="25" name="Test Cases For ENTRIES" time="81.301" errors="0" timestamp="2022-11-24T12:24:44 IST">
  <testcase classname="ttb_AllPage.AallPagesLoading" name="OnTheClock" time="3.275"/>
  <testcase classname="ttb_AllPage.AallPagesLoading" name="Reports" time="3.626"/>
  <testcase classname="ttb_AllPage.AallPagesLoading" name="Contacts" time="8.609"/>
  <testcase classname="ttb_AllPage.AallPagesLoading" name="WeeklyTimeSheets" time="3.45"/>
  <testcase classname="ttb_AllPage.AallPagesLoading" name="MangeMyEntries" time="1.844"/>
  <testcase classname="ttb_AllPage.AallPagesLoading" name="ManageTeamEntries" time="2.564"/>
  <testcase classname="ttb_AllPage.AallPagesLoading" name="RecurringExpenses" time="3.481"/>
  <testcase classname="ttb_AllPage.AallPagesLoading" name="TimeOff" time="3.878"/>
  <testcase classname="ttb_AllPage.AallPagesLoading" name="Approvals" time="2.413"/>
  <testcase classname="ttb_AllPage.AallPagesLoading" name="LockTimePeriod" time="2.078"/>
  <testcase classname="ttb_AllPage.AallPagesLoading" name="Notes" time="3.815"/>
  <testcase classname="ttb_AllPage.AallPagesLoading" name="Projects" time="4.022"/>
  <testcase classname="ttb_AllPage.AallPagesLoading" name="Clients" time="2.148"/>
  <testcase classname="ttb_AllPage.AallPagesLoading" name="History" time="1.561"/>
  <testcase classname="ttb_AllPage.AallPagesLoading" name="Invoices" time="1.331"/>
  <testcase classname="ttb_AllPage.AallPagesLoading" name="ClientPayments" time="1.429"/>
  <testcase classname="ttb_AllPage.AallPagesLoading" name="Adjustments" time="1.378"/>
  <testcase classname="ttb_AllPage.AallPagesLoading" name="Statements" time="1.354"/>
  <testcase classname="ttb_AllPage.AallPagesLoading" name="Schedule" time="3.012"/>
  <testcase classname="ttb_AllPage.AallPagesLoading" name="Settings" time="1.628"/>
  <testcase classname="ttb_AllPage.AallPagesLoading" name="ManageUses" time="3.805"/>
  <testcase classname="ttb_AllPage.AallPagesLoading" name="ScreenAnnouncmentsQuestions" time="3.334"/>
  <testcase classname="ttb_AllPage.AallPagesLoading" name="UserAcheivements" time="1.977"/>
  <testcase classname="ttb_AllPage.AallPagesLoading" name="Clientportal" time="12.099">
    <failure type="org.openqa.selenium.TimeoutException" message="Expected condition failed: waiting for visibility of element located by By.xpath: //*[@id=&amp;apos;ctl00_ContentPlaceHolder1_SaveButton&amp;apos;] (tried for 10 second(s) with 500 milliseconds interval)
Build info: version: &amp;apos;4.6.0&amp;apos;, revision: &amp;apos;79f1c02ae20&amp;apos;
System info: os.name: &amp;apos;Windows 10&amp;apos;, os.arch: &amp;apos;amd64&amp;apos;, os.version: &amp;apos;10.0&amp;apos;, java.version: &amp;apos;18.0.1.1&amp;apos;
Driver info: org.openqa.selenium.chrome.ChromeDriver
Capabilities {acceptInsecureCerts: false, browserName: chrome, browserVersion: 107.0.5304.107, chrome: {chromedriverVersion: 107.0.5304.62 (1eec40d3a576..., userDataDir: C:\Users\IDEAPA~1\AppData\L...}, goog:chromeOptions: {debuggerAddress: localhost:60407}, networkConnectionEnabled: false, pageLoadStrategy: normal, platformName: WINDOWS, proxy: Proxy(), se:cdp: ws://localhost:60407/devtoo..., se:cdpVersion: 107.0.5304.107, setWindowRect: true, strictFileInteractability: false, timeouts: {implicit: 0, pageLoad: 300000, script: 30000}, unhandledPromptBehavior: dismiss and notify, webauthn:extension:credBlob: true, webauthn:extension:largeBlob: true, webauthn:virtualAuthenticators: true}
Session ID: 96bc533a09eacce64aa873073ba24769">
      <![CDATA[org.openqa.selenium.TimeoutException: Expected condition failed: waiting for visibility of element located by By.xpath: //*[@id='ctl00_ContentPlaceHolder1_SaveButton'] (tried for 10 second(s) with 500 milliseconds interval)
Build info: version: '4.6.0', revision: '79f1c02ae20'
System info: os.name: 'Windows 10', os.arch: 'amd64', os.version: '10.0', java.version: '18.0.1.1'
Driver info: org.openqa.selenium.chrome.ChromeDriver
Capabilities {acceptInsecureCerts: false, browserName: chrome, browserVersion: 107.0.5304.107, chrome: {chromedriverVersion: 107.0.5304.62 (1eec40d3a576..., userDataDir: C:\Users\IDEAPA~1\AppData\L...}, goog:chromeOptions: {debuggerAddress: localhost:60407}, networkConnectionEnabled: false, pageLoadStrategy: normal, platformName: WINDOWS, proxy: Proxy(), se:cdp: ws://localhost:60407/devtoo..., se:cdpVersion: 107.0.5304.107, setWindowRect: true, strictFileInteractability: false, timeouts: {implicit: 0, pageLoad: 300000, script: 30000}, unhandledPromptBehavior: dismiss and notify, webauthn:extension:credBlob: true, webauthn:extension:largeBlob: true, webauthn:virtualAuthenticators: true}
Session ID: 96bc533a09eacce64aa873073ba24769
at org.openqa.selenium.support.ui.WebDriverWait.timeoutException(WebDriverWait.java:87)
at org.openqa.selenium.support.ui.FluentWait.until(FluentWait.java:231)
at ttb_AllPage.AallPagesLoading.Clientportal(AallPagesLoading.java:302)
at java.base/jdk.internal.reflect.DirectMethodHandleAccessor.invoke(DirectMethodHandleAccessor.java:104)
at java.base/java.lang.reflect.Method.invoke(Method.java:577)
at org.testng.internal.MethodInvocationHelper.invokeMethod(MethodInvocationHelper.java:133)
at org.testng.internal.TestInvoker.invokeMethod(TestInvoker.java:598)
at org.testng.internal.TestInvoker.invokeTestMethod(TestInvoker.java:173)
at org.testng.internal.MethodRunner.runInSequence(MethodRunner.java:46)
at org.testng.internal.TestInvoker$MethodInvocationAgent.invoke(TestInvoker.java:824)
at org.testng.internal.TestInvoker.invokeTestMethods(TestInvoker.java:146)
at org.testng.internal.TestMethodWorker.invokeTestMethods(TestMethodWorker.java:146)
at org.testng.internal.TestMethodWorker.run(TestMethodWorker.java:128)
at java.base/java.util.ArrayList.forEach(ArrayList.java:1511)
at org.testng.TestRunner.privateRun(TestRunner.java:794)
at org.testng.TestRunner.run(TestRunner.java:596)
at org.testng.SuiteRunner.runTest(SuiteRunner.java:377)
at org.testng.SuiteRunner.runSequentially(SuiteRunner.java:371)
at org.testng.SuiteRunner.privateRun(SuiteRunner.java:332)
at org.testng.SuiteRunner.run(SuiteRunner.java:276)
at org.testng.SuiteRunnerWorker.runSuite(SuiteRunnerWorker.java:53)
at org.testng.SuiteRunnerWorker.run(SuiteRunnerWorker.java:96)
at org.testng.TestNG.runSuitesSequentially(TestNG.java:1212)
at org.testng.TestNG.runSuitesLocally(TestNG.java:1134)
at org.testng.TestNG.runSuites(TestNG.java:1063)
at org.testng.TestNG.run(TestNG.java:1031)
at org.testng.remote.AbstractRemoteTestNG.run(AbstractRemoteTestNG.java:115)
at org.testng.remote.RemoteTestNG.initAndRun(RemoteTestNG.java:251)
at org.testng.remote.RemoteTestNG.main(RemoteTestNG.java:77)
]]>
    </failure>
  </testcase> <!-- Clientportal -->
  <testcase classname="ttb_AllPage.AallPagesLoading" name="FlatFiles" time="3.038"/>
  <testcase classname="ttb_AllPage.AallPagesLoading" name="AppsAndDownloads" time="0.0">
    <ignored/>
  </testcase> <!-- AppsAndDownloads -->
  <testcase classname="ttb_AllPage.AallPagesLoading" name="API" time="0.0">
    <ignored/>
  </testcase> <!-- API -->
  <testcase classname="ttb_AllPage.AallPagesLoading" name="Integrations" time="0.0">
    <ignored/>
  </testcase> <!-- Integrations -->
</testsuite> <!-- Test Cases For ENTRIES -->
